***FROM: ALL_EVENTS ***
dribble_to_goal_state_true
dribble_to_goal_state_true
turnto_ball_state_true
turnto_ball_state_true
turnto_ball_state_true
turnto_ball_state_true
turnto_ball_state_enter
turnto_ball_state_true
turnto_ball_state_true
turnto_ball_state_true
turnto_ball_state_true
ballinfront_true
gotoballstate_enter
ballclose_true
turnto_ball_state_true
turnto_ball_state_true
ballclose_true
dribble_to_goal_state_true
dribble_to_goal_state_true
dribble_to_goal_state_true
dribble_to_goal_state_true
dribble_to_goal_state_true
dribble_to_goal_state_true
dribble_to_goal_state_true
dribble_to_goal_state_true
ballclose_true
dribble_to_goal_state_true
dribble_to_goal_state_true
goto_goal_state_enter
turnto_goal_state_true
dribble_to_goal_state_true
turnto_goal_state_true
turnto_goal_state_true
dribble_to_goal_state_true
turnto_goal_state_true
turnto_goal_state_true
dribble_to_goal_state_true
turnto_goal_state_true
turnto_goal_state_true
dribble_to_goal_state_true
turnto_goal_state_true
turnto_ball_state_true
turnto_ball_state_true
turnto_goal_state_true
dribble_to_goal_state_true
turnto_goal_state_true
turnto_goal_state_true
dribble_to_goal_state_true
turnto_goal_state_true
turnto_goal_state_true
dribble_to_goal_state_true
turnto_goal_state_true
turnto_goal_state_true
dribble_to_goal_state_true
turnto_goal_state_true
turnto_goal_state_true
dribble_to_goal_state_true
turnto_goal_state_true
turnto_goal_state_true
dribble_to_goal_state_true
turnto_goal_state_true
kick_ball_state_true
kick_ball_state_true
kick_ball_state_true
kick_ball_state_true
Kick_ball_state_enter
